依赖关系解决

=========================================================================================================================
 软件包                         架构         版本                       仓库                                        大小
=========================================================================================================================
正在安装:
 icip6prj_totif                 x86_64       1.2017.428-20              /icip6prj_totif-1.2017.428-20.x86_64        41 M
为依赖而安装:
 glibc                          i686         2.12-1.209.el6_9.1         updates                                    4.4 M
 nss-softokn-freebl             i686         3.14.3-23.3.el6_8          base                                       157 k
为依赖而更新:
 glibc                          x86_64       2.12-1.209.el6_9.1         updates                                    3.8 M
 glibc-common                   x86_64       2.12-1.209.el6_9.1         updates                                     14 M
 glibc-devel                    x86_64       2.12-1.209.el6_9.1         updates                                    991 k
 glibc-headers                  x86_64       2.12-1.209.el6_9.1         updates                                    619 k
 nss-softokn                    x86_64       3.14.3-23.3.el6_8          base                                       262 k
 nss-softokn-devel              x86_64       3.14.3-23.3.el6_8          base                                        14 k
 nss-softokn-freebl             x86_64       3.14.3-23.3.el6_8          base                                       168 k
 nss-softokn-freebl-devel       x86_64       3.14.3-23.3.el6_8          base                                       140 k
 tzdata                         noarch       2017b-1.el6                updates                                    455 k

事务概要
=========================================================================================================================
Install       3 Package(s)
Upgrade       9 Package(s)

总文件大小：66 M
总下载量：17 M




=========================================================================================================================
 软件包                         架构         版本                       仓库                                        大小
=========================================================================================================================
正在安装:
 icip6prj_totif                 x86_64       1.2017.428-20              /icip6prj_totif-1.2017.428-20.x86_64        39 M
为依赖而安装:
 glibc                          i686         2.12-1.209.el6_9.1         updates                                    4.4 M
 nss-softokn-freebl             i686         3.14.3-23.3.el6_8          base                                       157 k
 unixODBC                       x86_64       2.2.14-14.el6              base                                       378 k
为依赖而更新:
 glibc                          x86_64       2.12-1.209.el6_9.1         updates                                    3.8 M
 glibc-common                   x86_64       2.12-1.209.el6_9.1         updates                                     14 M
 glibc-devel                    x86_64       2.12-1.209.el6_9.1         updates                                    991 k
 glibc-headers                  x86_64       2.12-1.209.el6_9.1         updates                                    619 k
 nss-softokn                    x86_64       3.14.3-23.3.el6_8          base                                       262 k
 nss-softokn-devel              x86_64       3.14.3-23.3.el6_8          base                                        14 k
 nss-softokn-freebl             x86_64       3.14.3-23.3.el6_8          base                                       168 k
 nss-softokn-freebl-devel       x86_64       3.14.3-23.3.el6_8          base                                       140 k
 tzdata                         noarch       2017b-1.el6                updates                                    455 k

事务概要
=========================================================================================================================
Install       4 Package(s)
Upgrade       9 Package(s)


############################################################
yum install glibc
=========================================================================================================================
 软件包                        架构                   版本                                 仓库                     大小
=========================================================================================================================
正在升级:
 glibc                         x86_64                 2.12-1.209.el6_9.1                   updates                 3.8 M
为依赖而更新:
 glibc-common                  x86_64                 2.12-1.209.el6_9.1                   updates                  14 M
 glibc-devel                   x86_64                 2.12-1.209.el6_9.1                   updates                 991 k
 glibc-headers                 x86_64                 2.12-1.209.el6_9.1                   updates                 619 k
 tzdata                        noarch                 2017b-1.el6                          updates                 455 k

事务概要
=========================================================================================================================
Upgrade       5 Package(s)



############################################################
yum install nss-softokn-freebl
=========================================================================================================================
 软件包                                 架构                 版本                               仓库                大小
=========================================================================================================================
正在升级:
 nss-softokn-freebl                     x86_64               3.14.3-23.3.el6_8                  base               168 k
为依赖而更新:
 nss-softokn                            x86_64               3.14.3-23.3.el6_8                  base               262 k
 nss-softokn-devel                      x86_64               3.14.3-23.3.el6_8                  base                14 k
 nss-softokn-freebl-devel               x86_64               3.14.3-23.3.el6_8                  base               140 k

事务概要
=========================================================================================================================
Upgrade       4 Package(s)



############################################################
yum install unixODBC
=========================================================================================================================
 软件包                      架构                      版本                                仓库                     大小
=========================================================================================================================
正在安装:
 unixODBC                    x86_64                    2.2.14-14.el6                       base                    378 k

事务概要
=========================================================================================================================
Install       1 Package(s)

