[root@localhost icip6pri_totif]# ./build_rpm.sh -d  icip6prj_totif-1.2017.428/icip6prj_totif-1.2017.428.spec 
64bit system
Get Variables From [icip6prj_totif-1.2017.428/icip6prj_totif-1.2017.428.spec].
   DirName = icip6prj_totif-1.2017.428
   Name    = icip6prj_totif
   Version = 1.2017.428
   Release = 20
   License = GPL
   Prefix  = /home/focustar/icip6prj_totif
   Source  = icip6prj_totif.tar.gz
icip6prj_totif-1.2017.428/
icip6prj_totif-1.2017.428/icip6prj_totif-1.2017.428.spec
icip6prj_totif-1.2017.428/lib/
icip6prj_totif-1.2017.428/lib/ghostscript/
icip6prj_totif-1.2017.428/lib/ghostscript/libgs.so.8
icip6prj_totif-1.2017.428/lib/ghostscript/libgs.so.8.70
icip6prj_totif-1.2017.428/lib/ghostscript/libgs.so
icip6prj_totif-1.2017.428/lib/ghostscript/8.70/
icip6prj_totif-1.2017.428/lib/ghostscript/8.70/X11.so
icip6prj_totif-1.2017.428/lib/libodbc.so.1
icip6prj_totif-1.2017.428/lib/boost/
icip6prj_totif-1.2017.428/lib/boost/libboost_system.a
icip6prj_totif-1.2017.428/lib/boost/libboost_system.so
icip6prj_totif-1.2017.428/lib/boost/libboost_system.so.1.58.0
icip6prj_totif-1.2017.428/lib/libfocucommclient.so
icip6prj_totif-1.2017.428/lib/libodbc.so0
icip6prj_totif-1.2017.428/lib/ure/
icip6prj_totif-1.2017.428/lib/ure/libjava_uno.so
icip6prj_totif-1.2017.428/lib/ure/libsal_textenclo.so
icip6prj_totif-1.2017.428/lib/ure/libjavavmlo.so
icip6prj_totif-1.2017.428/lib/ure/libreglo.so
icip6prj_totif-1.2017.428/lib/ure/libxmlreaderlo.so
icip6prj_totif-1.2017.428/lib/ure/libuno_salhelpergcc3.so.3
icip6prj_totif-1.2017.428/lib/ure/libaffine_uno_uno.so
icip6prj_totif-1.2017.428/lib/ure/libbootstraplo.so
icip6prj_totif-1.2017.428/lib/ure/libjuhx.so
icip6prj_totif-1.2017.428/lib/ure/libjavaloaderlo.so
icip6prj_totif-1.2017.428/lib/ure/jvmfwk3rc
icip6prj_totif-1.2017.428/lib/ure/libuuresolverlo.so
icip6prj_totif-1.2017.428/lib/ure/libgcc3_uno.so
icip6prj_totif-1.2017.428/lib/ure/libstocserviceslo.so
icip6prj_totif-1.2017.428/lib/ure/liblog_uno_uno.so
icip6prj_totif-1.2017.428/lib/ure/libjpipe.so
icip6prj_totif-1.2017.428/lib/ure/libbinaryurplo.so
icip6prj_totif-1.2017.428/lib/ure/libreflectionlo.so
icip6prj_totif-1.2017.428/lib/ure/libiolo.so
icip6prj_totif-1.2017.428/lib/ure/libunoidllo.so
icip6prj_totif-1.2017.428/lib/ure/unorc
icip6prj_totif-1.2017.428/lib/ure/libintrospectionlo.so
icip6prj_totif-1.2017.428/lib/ure/libstorelo.so
icip6prj_totif-1.2017.428/lib/ure/libsunjavapluginlo.so
icip6prj_totif-1.2017.428/lib/ure/JREProperties.class
icip6prj_totif-1.2017.428/lib/ure/libuno_sal.so.3
icip6prj_totif-1.2017.428/lib/ure/libproxyfaclo.so
icip6prj_totif-1.2017.428/lib/ure/libunsafe_uno_uno.so
icip6prj_totif-1.2017.428/lib/ure/libinvocadaptlo.so
icip6prj_totif-1.2017.428/lib/ure/libjvmaccesslo.so
icip6prj_totif-1.2017.428/lib/ure/libuno_cppuhelpergcc3.so.3
icip6prj_totif-1.2017.428/lib/ure/libjvmfwklo.so
icip6prj_totif-1.2017.428/lib/ure/libjuh.so
icip6prj_totif-1.2017.428/lib/ure/libnamingservicelo.so
icip6prj_totif-1.2017.428/lib/ure/libinvocationlo.so
icip6prj_totif-1.2017.428/lib/ure/libuno_cppu.so.3
icip6prj_totif-1.2017.428/lib/ure/libuno_purpenvhelpergcc3.so.3
icip6prj_totif-1.2017.428/lib/libodbc.so.1.0.0
icip6prj_totif-1.2017.428/lib/copy.txt
icip6prj_totif-1.2017.428/install/
icip6prj_totif-1.2017.428/install/msttcore-fonts-installer-2.6-1.noarch.rpm
icip6prj_totif-1.2017.428/install/msttcore-fonts-installer-2.6-1.src.rpm
icip6prj_totif-1.2017.428/install/msttcore-fonts-2.0-3.noarch.rpm
icip6prj_totif-1.2017.428/ReadMe
icip6prj_totif-1.2017.428/makefile
icip6prj_totif-1.2017.428/bin/
icip6prj_totif-1.2017.428/bin/daemonTOTIF
icip6prj_totif-1.2017.428/bin/TOTIFMain
icip6prj_totif-1.2017.428/bin/cfg/
icip6prj_totif-1.2017.428/bin/cfg/totif_config.xml
icip6prj_totif-1.2017.428/init.d/
icip6prj_totif-1.2017.428/init.d/focustar_totif
Executing(%prep): /bin/sh -e /var/tmp/rpm-tmp.zKLhd4
+ umask 022
+ cd /home/workspace/rpmbuild/BUILD
+ LANG=C
+ export LANG
+ unset DISPLAY
+ cd /home/workspace/rpmbuild/BUILD
+ rm -rf icip6prj_totif-1.2017.428
+ /usr/bin/gzip -dc /home/workspace/rpmbuild/SOURCES/icip6prj_totif.tar.gz
+ /bin/tar -xf -
+ STATUS=0
+ '[' 0 -ne 0 ']'
+ cd icip6prj_totif-1.2017.428
+ /bin/chmod -Rf a+rX,u+w,g-w,o-w .
+ exit 0
Executing(%build): /bin/sh -e /var/tmp/rpm-tmp.AK0Be7
+ umask 022
+ cd /home/workspace/rpmbuild/BUILD
+ cd icip6prj_totif-1.2017.428
+ LANG=C
+ export LANG
+ unset DISPLAY
+ exit 0
Executing(%install): /bin/sh -e /var/tmp/rpm-tmp.OGykga
+ umask 022
+ cd /home/workspace/rpmbuild/BUILD
+ '[' /home/workspace/rpmbuild/BUILDROOT/icip6prj_totif-1.2017.428-20.x86_64 '!=' / ']'
+ rm -rf /home/workspace/rpmbuild/BUILDROOT/icip6prj_totif-1.2017.428-20.x86_64
++ dirname /home/workspace/rpmbuild/BUILDROOT/icip6prj_totif-1.2017.428-20.x86_64
+ mkdir -p /home/workspace/rpmbuild/BUILDROOT
+ mkdir /home/workspace/rpmbuild/BUILDROOT/icip6prj_totif-1.2017.428-20.x86_64
+ cd icip6prj_totif-1.2017.428
+ LANG=C
+ export LANG
+ unset DISPLAY
+ rm -rf /home/workspace/rpmbuild/BUILDROOT/icip6prj_totif-1.2017.428-20.x86_64
+ mkdir -p /home/workspace/rpmbuild/BUILDROOT/icip6prj_totif-1.2017.428-20.x86_64/home/focustar/icip6prj_totif
+ mkdir -p /home/workspace/rpmbuild/BUILDROOT/icip6prj_totif-1.2017.428-20.x86_64/usr/local/sbin
+ make clean DESTDIR=/home/workspace/rpmbuild/BUILDROOT/icip6prj_totif-1.2017.428-20.x86_64 prefix=/home/focustar/icip6prj_totif
rm  -f /home/workspace/rpmbuild/BUILDROOT/icip6prj_totif-1.2017.428-20.x86_64/etc/init.d/focustar_totif
rm  -f /home/workspace/rpmbuild/BUILDROOT/icip6prj_totif-1.2017.428-20.x86_64/home/focustar/icip6prj_totif/ReadMe
rm  -f /home/workspace/rpmbuild/BUILDROOT/icip6prj_totif-1.2017.428-20.x86_64/home/focustar/icip6prj_totif/bin/TOTIFMain 
rm -rf /home/workspace/rpmbuild/BUILDROOT/icip6prj_totif-1.2017.428-20.x86_64/home/focustar/icip6prj_totif/init.d
rm -rf /home/workspace/rpmbuild/BUILDROOT/icip6prj_totif-1.2017.428-20.x86_64/home/focustar/icip6prj_totif/bin
rm -rf /home/workspace/rpmbuild/BUILDROOT/icip6prj_totif-1.2017.428-20.x86_64/home/focustar/icip6prj_totif
+ make DESTDIR=/home/workspace/rpmbuild/BUILDROOT/icip6prj_totif-1.2017.428-20.x86_64 prefix=/home/focustar/icip6prj_totif
# [完成] 安装已准备就绪 
mkdir -p bin/cfg
mkdir -p bin/log
mkdir -p bin/usr/fileinn
mkdir -p bin/usr/fileout
mkdir -p bin/usr/filetmp
+ make install DESTDIR=/home/workspace/rpmbuild/BUILDROOT/icip6prj_totif-1.2017.428-20.x86_64 prefix=/home/focustar/icip6prj_totif
mkdir -p /home/workspace/rpmbuild/BUILDROOT/icip6prj_totif-1.2017.428-20.x86_64/home/focustar/icip6prj_totif
mkdir -p /home/workspace/rpmbuild/BUILDROOT/icip6prj_totif-1.2017.428-20.x86_64/home/focustar/icip6prj_totif/bin
mkdir -p /home/workspace/rpmbuild/BUILDROOT/icip6prj_totif-1.2017.428-20.x86_64/home/focustar/icip6prj_totif/bin/cfg
mkdir -p /home/workspace/rpmbuild/BUILDROOT/icip6prj_totif-1.2017.428-20.x86_64/home/focustar/icip6prj_totif/bin/log
mkdir -p /home/workspace/rpmbuild/BUILDROOT/icip6prj_totif-1.2017.428-20.x86_64/home/focustar/icip6prj_totif/bin/usr
mkdir -p /home/workspace/rpmbuild/BUILDROOT/icip6prj_totif-1.2017.428-20.x86_64/home/focustar/icip6prj_totif/bin/usr/fileinn
mkdir -p /home/workspace/rpmbuild/BUILDROOT/icip6prj_totif-1.2017.428-20.x86_64/home/focustar/icip6prj_totif/bin/usr/fileout
mkdir -p /home/workspace/rpmbuild/BUILDROOT/icip6prj_totif-1.2017.428-20.x86_64/home/focustar/icip6prj_totif/bin/usr/filetmp
mkdir -p /home/workspace/rpmbuild/BUILDROOT/icip6prj_totif-1.2017.428-20.x86_64/home/focustar/icip6prj_totif/init.d
mkdir -p /home/workspace/rpmbuild/BUILDROOT/icip6prj_totif-1.2017.428-20.x86_64/home/focustar/icip6prj_totif/lib
mkdir -p /home/workspace/rpmbuild/BUILDROOT/icip6prj_totif-1.2017.428-20.x86_64/etc/init.d/
# [完成] 创建目标子目录
# [完成] 拷贝子目录下文件(若存在文件) 至目标子目录
# [完成] 更改目标子目录及其下权限
chmod -R 777    /home/workspace/rpmbuild/BUILDROOT/icip6prj_totif-1.2017.428-20.x86_64/home/focustar/icip6prj_totif/bin/log
install -m 644 ReadMe /home/workspace/rpmbuild/BUILDROOT/icip6prj_totif-1.2017.428-20.x86_64/home/focustar/icip6prj_totif/ReadMe
install -m 777 bin/TOTIFMain  /home/workspace/rpmbuild/BUILDROOT/icip6prj_totif-1.2017.428-20.x86_64/home/focustar/icip6prj_totif/bin/TOTIFMain 
install -m 777 bin/daemonTOTIF /home/workspace/rpmbuild/BUILDROOT/icip6prj_totif-1.2017.428-20.x86_64/home/focustar/icip6prj_totif/bin/daemonTOTIF
cp -f init.d/focustar_totif  /home/workspace/rpmbuild/BUILDROOT/icip6prj_totif-1.2017.428-20.x86_64/etc/init.d/focustar_totif
+ /usr/lib/rpm/check-buildroot
+ /usr/lib/rpm/redhat/brp-compress
+ /usr/lib/rpm/redhat/brp-strip /usr/bin/strip
+ /usr/lib/rpm/redhat/brp-strip-static-archive /usr/bin/strip
+ /usr/lib/rpm/redhat/brp-strip-comment-note /usr/bin/strip /usr/bin/objdump
+ /usr/lib/rpm/brp-python-bytecompile
+ /usr/lib/rpm/redhat/brp-python-hardlink
+ /usr/lib/rpm/redhat/brp-java-repack-jars
Processing files: icip6prj_totif-1.2017.428-20.x86_64
Provides: X11.so()(64bit) libaffine_uno_uno.so()(64bit) libbinaryurplo.so()(64bit) libboost_system.so.1.58.0()(64bit) libbootstraplo.so()(64bit) libfocucommclient.so()(64bit) libgcc3_uno.so()(64bit) libgs.so.8()(64bit) libintrospectionlo.so()(64bit) libinvocadaptlo.so()(64bit) libinvocationlo.so()(64bit) libiolo.so()(64bit) libjava_uno.so()(64bit) libjavaloaderlo.so()(64bit) libjavavmlo.so()(64bit) libjpipe.so()(64bit) libjuh.so()(64bit) libjuhx.so()(64bit) libjvmaccesslo.so()(64bit) libjvmfwklo.so()(64bit) liblog_uno_uno.so()(64bit) libnamingservicelo.so()(64bit) libodbc.so.1 libproxyfaclo.so()(64bit) libreflectionlo.so()(64bit) libreglo.so()(64bit) libsal_textenclo.so()(64bit) libstocserviceslo.so()(64bit) libstorelo.so()(64bit) libsunjavapluginlo.so()(64bit) libuno_cppu.so.3()(64bit) libuno_cppu.so.3(GLIBCXX_3.4)(64bit) libuno_cppu.so.3(UDK_3.1)(64bit) libuno_cppu.so.3(UDK_3.2)(64bit) libuno_cppu.so.3(UDK_3.3)(64bit) libuno_cppu.so.3(UDK_3_0_0)(64bit) libuno_cppuhelpergcc3.so.3()(64bit) libuno_cppuhelpergcc3.so.3(GLIBCXX_3.4)(64bit) libuno_cppuhelpergcc3.so.3(LIBO_UDK_3.9)(64bit) libuno_cppuhelpergcc3.so.3(UDK_3.1)(64bit) libuno_cppuhelpergcc3.so.3(UDK_3.2)(64bit) libuno_cppuhelpergcc3.so.3(UDK_3.3)(64bit) libuno_cppuhelpergcc3.so.3(UDK_3.4)(64bit) libuno_cppuhelpergcc3.so.3(UDK_3.5)(64bit) libuno_cppuhelpergcc3.so.3(UDK_3.6)(64bit) libuno_cppuhelpergcc3.so.3(UDK_3.7)(64bit) libuno_cppuhelpergcc3.so.3(UDK_3.8)(64bit) libuno_cppuhelpergcc3.so.3(UDK_3_0_0)(64bit) libuno_purpenvhelpergcc3.so.3()(64bit) libuno_purpenvhelpergcc3.so.3(GLIBCXX_3.4)(64bit) libuno_purpenvhelpergcc3.so.3(UDK_3_0_0)(64bit) libuno_sal.so.3()(64bit) libuno_sal.so.3(GLIBCXX_3.4)(64bit) libuno_sal.so.3(LIBO_UDK_3.5)(64bit) libuno_sal.so.3(LIBO_UDK_3.6)(64bit) libuno_sal.so.3(LIBO_UDK_4.0)(64bit) libuno_sal.so.3(LIBO_UDK_4.1)(64bit) libuno_sal.so.3(LIBO_UDK_4.2)(64bit) libuno_sal.so.3(LIBO_UDK_4.3)(64bit) libuno_sal.so.3(PRIVATE_1.0)(64bit) libuno_sal.so.3(PRIVATE_1.1)(64bit) libuno_sal.so.3(PRIVATE_1.2)(64bit) libuno_sal.so.3(PRIVATE_textenc.1)(64bit) libuno_sal.so.3(UDK_3.1)(64bit) libuno_sal.so.3(UDK_3.10)(64bit) libuno_sal.so.3(UDK_3.11)(64bit) libuno_sal.so.3(UDK_3.2)(64bit) libuno_sal.so.3(UDK_3.3)(64bit) libuno_sal.so.3(UDK_3.4)(64bit) libuno_sal.so.3(UDK_3.5)(64bit) libuno_sal.so.3(UDK_3.6)(64bit) libuno_sal.so.3(UDK_3.7)(64bit) libuno_sal.so.3(UDK_3.8)(64bit) libuno_sal.so.3(UDK_3.9)(64bit) libuno_sal.so.3(UDK_3_0_0)(64bit) libuno_salhelpergcc3.so.3()(64bit) libuno_salhelpergcc3.so.3(GLIBCXX_3.4)(64bit) libuno_salhelpergcc3.so.3(LIBO_UDK_3.6)(64bit) libuno_salhelpergcc3.so.3(UDK_3.1)(64bit) libuno_salhelpergcc3.so.3(UDK_3_0_0)(64bit) libunoidllo.so()(64bit) libunsafe_uno_uno.so()(64bit) libuuresolverlo.so()(64bit) libxmlreaderlo.so()(64bit)
Requires(interp): /bin/sh
Requires(rpmlib): rpmlib(CompressedFileNames) <= 3.0.4-1 rpmlib(FileDigests) <= 4.6.0-1 rpmlib(PayloadFilesHavePrefix) <= 4.0-1
Requires(preun): /bin/sh
Requires: /bin/bash /bin/sh libICE.so.6()(64bit) libSM.so.6()(64bit) libX11.so.6()(64bit) libXext.so.6()(64bit) libXt.so.6()(64bit) libboost_system.so.1.58.0 libc.so.6 libc.so.6()(64bit) libc.so.6(GLIBC_2.0) libc.so.6(GLIBC_2.1) libc.so.6(GLIBC_2.1.3) libc.so.6(GLIBC_2.11)(64bit) libc.so.6(GLIBC_2.2.3) libc.so.6(GLIBC_2.2.5)(64bit) libc.so.6(GLIBC_2.3) libc.so.6(GLIBC_2.3)(64bit) libc.so.6(GLIBC_2.3.4)(64bit) libc.so.6(GLIBC_2.4)(64bit) libc.so.6(GLIBC_2.7)(64bit) libcairo.so.2()(64bit) libdl.so.2 libdl.so.2()(64bit) libdl.so.2(GLIBC_2.0) libdl.so.2(GLIBC_2.1) libdl.so.2(GLIBC_2.2.5)(64bit) libfocucommclient.so libfontconfig.so.1()(64bit) libgcc_s.so.1 libgcc_s.so.1()(64bit) libgcc_s.so.1(GCC_3.0) libgcc_s.so.1(GCC_3.0)(64bit) libgs.so.8 libiconv.so.2 libjvmaccesslo.so()(64bit) libjvmfwklo.so()(64bit) libm.so.6 libm.so.6()(64bit) libm.so.6(GLIBC_2.0) libm.so.6(GLIBC_2.2.5)(64bit) libnsl.so.1 libodbc.so.1 libpthread.so.0 libpthread.so.0()(64bit) libpthread.so.0(GLIBC_2.0) libpthread.so.0(GLIBC_2.1) libpthread.so.0(GLIBC_2.2.5)(64bit) libpthread.so.0(GLIBC_2.3.2) libpthread.so.0(GLIBC_2.3.2)(64bit) libreglo.so()(64bit) libresolv.so.2 librt.so.1 librt.so.1()(64bit) librt.so.1(GLIBC_2.2.5)(64bit) libstdc++.so.6 libstdc++.so.6()(64bit) libstdc++.so.6(CXXABI_1.3) libstdc++.so.6(CXXABI_1.3)(64bit) libstdc++.so.6(CXXABI_1.3.1) libstdc++.so.6(GLIBCXX_3.4) libstdc++.so.6(GLIBCXX_3.4)(64bit) libstdc++.so.6(GLIBCXX_3.4.9)(64bit) libstorelo.so()(64bit) libuno_cppu.so.3 libuno_cppu.so.3()(64bit) libuno_cppu.so.3(LIBO_UDK_4.4) libuno_cppu.so.3(UDK_3.1) libuno_cppu.so.3(UDK_3.1)(64bit) libuno_cppu.so.3(UDK_3.2)(64bit) libuno_cppu.so.3(UDK_3.3)(64bit) libuno_cppu.so.3(UDK_3_0_0) libuno_cppu.so.3(UDK_3_0_0)(64bit) libuno_cppuhelpergcc3.so.3 libuno_cppuhelpergcc3.so.3()(64bit) libuno_cppuhelpergcc3.so.3(LIBO_UDK_3.9)(64bit) libuno_cppuhelpergcc3.so.3(UDK_3.1)(64bit) libuno_cppuhelpergcc3.so.3(UDK_3.4)(64bit) libuno_cppuhelpergcc3.so.3(UDK_3.6)(64bit) libuno_cppuhelpergcc3.so.3(UDK_3_0_0) libuno_cppuhelpergcc3.so.3(UDK_3_0_0)(64bit) libuno_purpenvhelpergcc3.so.3()(64bit) libuno_purpenvhelpergcc3.so.3(UDK_3_0_0)(64bit) libuno_sal.so.3 libuno_sal.so.3()(64bit) libuno_sal.so.3(LIBO_UDK_3.6)(64bit) libuno_sal.so.3(LIBO_UDK_4.0) libuno_sal.so.3(LIBO_UDK_4.0)(64bit) libuno_sal.so.3(LIBO_UDK_4.1)(64bit) libuno_sal.so.3(LIBO_UDK_4.2) libuno_sal.so.3(PRIVATE_1.1) libuno_sal.so.3(PRIVATE_textenc.1)(64bit) libuno_sal.so.3(UDK_3.1)(64bit) libuno_sal.so.3(UDK_3.11)(64bit) libuno_sal.so.3(UDK_3.2)(64bit) libuno_sal.so.3(UDK_3.3) libuno_sal.so.3(UDK_3.3)(64bit) libuno_sal.so.3(UDK_3.5)(64bit) libuno_sal.so.3(UDK_3.6)(64bit) libuno_sal.so.3(UDK_3.7)(64bit) libuno_sal.so.3(UDK_3.8)(64bit) libuno_sal.so.3(UDK_3.9)(64bit) libuno_sal.so.3(UDK_3_0_0) libuno_sal.so.3(UDK_3_0_0)(64bit) libuno_salhelpergcc3.so.3 libuno_salhelpergcc3.so.3()(64bit) libuno_salhelpergcc3.so.3(LIBO_UDK_3.6)(64bit) libuno_salhelpergcc3.so.3(UDK_3_0_0)(64bit) libunoidllo.so()(64bit) libuuid.so.1 libxml2.so.2()(64bit) libxml2.so.2(LIBXML2_2.4.30)(64bit) libxmlreaderlo.so()(64bit) libz.so.1 rtld(GNU_HASH)
Checking for unpackaged file(s): /usr/lib/rpm/check-files /home/workspace/rpmbuild/BUILDROOT/icip6prj_totif-1.2017.428-20.x86_64
Wrote: /home/workspace/rpmbuild/SRPMS/icip6prj_totif-1.2017.428-20.src.rpm
Wrote: /home/workspace/rpmbuild/RPMS/x86_64/icip6prj_totif-1.2017.428-20.x86_64.rpm
Executing(%clean): /bin/sh -e /var/tmp/rpm-tmp.5Fl1G0
+ umask 022
+ cd /home/workspace/rpmbuild/BUILD
+ cd icip6prj_totif-1.2017.428
+ rm -rf /home/workspace/rpmbuild/BUILDROOT/icip6prj_totif-1.2017.428-20.x86_64
+ exit 0